# block number 0
     9.24711 0, 0, 0, 0, 0, 0
     9.25000 0, 0, 0, 0, 0, 0
     9.26000 1, 0, 0, 0, 0, 0
     9.27000 1, 0, 0, 0, 0, 0
     9.28000 2, 0, 0, 0, 0, 0
     9.29000 2, 0, 0, 0, 0, 0
     9.30000 4, 0, 0, 0, 0, 0
     9.31000 5, 0, 0, 0, 0, 0
     9.32000 7, 0, 0, 0, 0, 0
     9.33000 9, 0, 0, 0, 0, 0
     9.34000 11, 0, 0, 0, 0, 0
     9.35000 13, 0, 0, 0, 0, 0
     9.36000 16, 0, 0, 0, 0, 0
     9.37000 19, 0, 0, 0, 0, 0
     9.38000 22, 0, 0, 0, 0, 0
     9.39000 26, 0, 0, 0, 0, 0
     9.40000 29, 0, 0, 0, 0, 0
     9.41000 33, 0, 0, 0, 0, 0
     9.42000 37, 0, 0, 0, 0, 0
     9.43000 42, 0, 0, 0, 0, 0
     9.44000 47, 0, 0, 0, 0, 0
     9.45000 51, 0, 0, 0, 0, 0
     9.46000 57, 0, 0, 0, 0, 0
     9.47000 62, 0, 0, 0, 0, 0
     9.48000 68, 0, 0, 0, 0, 0
     9.49000 74, 0, 0, 0, 0, 0
     9.50000 80, 0, 0, 0, 0, 0
     9.51000 86, 0, 0, 0, 0, 0
     9.52000 93, 0, 0, 0, 0, 0
     9.53000 100, 0, 0, 0, 0, 0
     9.54000 107, 0, 0, 0, 0, 0
     9.55000 115, 0, 0, 0, 0, 0
     9.56000 122, 0, 0, 0, 0, 0
     9.57000 130, 0, 0, 0, 0, 0
     9.58000 137, 0, 0, 0, 0, 0
     9.59000 145, 0, 0, 0, 0, 0
     9.60000 152, 0, 0, 0, 0, 0
     9.61000 159, 0, 0, 0, 0, 0
     9.62000 165, 0, 0, 0, 0, 0
     9.63000 172, 0, 0, 0, 0, 0
     9.64000 178, 0, 0, 0, 0, 0
     9.65000 184, 0, 0, 0, 0, 0
     9.66000 189, 0, 0, 0, 0, 0
     9.67000 195, 0, 0, 0, 0, 0
     9.68000 200, 0, 0, 0, 0, 0
     9.69000 205, 0, 0, 0, 0, 0
     9.70000 209, 0, 0, 0, 0, 0
     9.71000 214, 0, 0, 0, 0, 0
     9.72000 218, 0, 0, 0, 0, 0
     9.73000 222, 0, 0, 0, 0, 0
     9.74000 225, 0, 0, 0, 0, 0
     9.75000 229, 0, 0, 0, 0, 0
     9.76000 232, 0, 0, 0, 0, 0
     9.76660 234, 0, 0, 0, 0, 0
    16.56779 250, 0, 0, 0, 0, 0
# block number 1
    16.56779 250, 0, 0, 0, 0, 0
    16.57000 250, 0, 0, 0, 0, 0
    16.58000 251, 0, 0, 0, 0, 0
    16.59000 251, 0, 0, 0, 0, 0
    16.60000 252, 0, 0, 0, 0, 0
    16.61000 252, 0, 0, 0, 0, 0
    16.62000 253, 0, 0, 0, 0, 0
    16.63000 255, 0, 0, 0, 0, 0
    16.64000 256, 0, 0, 0, 0, 0
    16.65000 258, 0, 0, 0, 0, 0
    16.66000 261, 0, 0, 0, 0, 0
    16.67000 263, 0, 0, 0, 0, 0
    16.68000 266, 0, 0, 1, 0, 0
    16.69000 269, 0, 0, 1, 0, 0
    16.70000 272, 0, 0, 1, 0, 0
    16.71000 275, 0, 0, 1, 0, 0
    16.72000 279, 0, 0, 1, 0, 0
    16.73000 283, 0, 0, 1, 0, 0
    16.74000 287, 0, 0, 1, 0, 0
    16.75000 291, 0, 0, 1, 0, 0
    16.76000 296, 0, 0, 2, 0, 0
    16.77000 301, 0, 0, 2, 0, 0
    16.78000 306, 0, 0, 2, 0, 0
    16.79000 312, 0, 0, 2, 0, 0
    16.80000 317, 0, 0, 2, 0, 0
    16.81000 323, 0, 0, 3, 0, 0
    16.82000 329, 0, 0, 3, 0, 0
    16.83000 336, 0, 0, 3, 0, 0
    16.84000 342, 0, 0, 3, 0, 0
    16.85000 349, 0, 0, 4, 0, 0
    16.86000 356, 0, 0, 4, 0, 0
    16.87000 364, 0, 0, 4, 0, 0
    16.88000 372, 0, 0, 4, 0, 0
    16.89000 379, 0, 0, 5, 0, 0
    16.90000 387, 0, 0, 5, 0, 0
    16.91000 394, 0, 0, 5, 0, 0
    16.92000 402, 0, 0, 5, 0, 0
    16.93000 408, 0, 0, 6, 0, 0
    16.94000 415, 0, 0, 6, 0, 0
    16.95000 421, 0, 0, 6, 0, 0
    16.96000 428, 0, 0, 6, 0, 0
    16.97000 433, 0, 0, 7, 0, 0
    16.98000 439, 0, 0, 7, 0, 0
    16.99000 444, 0, 0, 7, 0, 0
    17.00000 450, 0, 0, 7, 0, 0
    17.01000 455, 0, 0, 7, 0, 0
    17.02000 459, 0, 0, 8, 0, 0
    17.03000 464, 0, 0, 8, 0, 0
    17.04000 468, 0, 0, 8, 0, 0
    17.05000 472, 0, 0, 8, 0, 0
    17.06000 475, 0, 0, 8, 0, 0
    17.07000 479, 0, 0, 8, 0, 0
    17.08000 482, 0, 0, 8, 0, 0
    17.08717 484, 0, 0, 8, 0, 0
    21.75831 500, 0, 0, 9, 0, 0
# block number 2
    21.75831 500, 0, 0, 9, 0, 0
    21.76000 500, 0, 0, 9, 0, 0
    21.77000 500, 0, 0, 9, 0, 0
    21.78000 500, 0, 0, 10, 0, 0
    21.79000 500, 0, 0, 10, 0, 0
    21.80000 500, 0, 0, 10, 0, 0
    21.81000 500, 0, 0, 11, 0, 0
    21.82000 500, 0, 0, 11, 0, 0
    21.83000 500, 0, 0, 12, 0, 0
    21.84000 500, 0, 0, 12, 0, 0
    21.85000 500, 0, 0, 13, 0, 0
    21.86000 500, 0, 0, 14, 0, 0
    21.87000 500, 0, 0, 15, 0, 0
    21.88000 500, 0, 0, 16, 0, 0
    21.89000 500, 0, 0, 17, 0, 0
    21.90000 500, 0, 0, 18, 0, 0
    21.91000 500, 0, 0, 20, 0, 0
    21.92000 500, 0, 0, 21, 0, 0
    21.93000 500, 0, 0, 23, 0, 0
    21.94000 500, 0, 0, 24, 0, 0
    21.95000 500, 0, 0, 26, 0, 0
    21.96000 500, 0, 0, 28, 0, 0
    21.97000 500, 0, 0, 29, 0, 0
    21.98000 500, 0, 0, 31, 0, 0
    21.99000 500, 0, 0, 33, 0, 0
    22.00000 500, 0, 0, 36, 0, 0
    22.01000 500, 0, 0, 38, 0, 0
    22.02000 500, 0, 0, 40, 0, 0
    22.03000 500, 0, 0, 42, 0, 0
    22.04000 500, 0, 0, 44, 0, 0
    22.05000 500, 0, 0, 46, 0, 0
    22.06000 500, 0, 0, 48, 0, 0
    22.07000 500, 0, 0, 50, 0, 0
    22.08000 500, 0, 0, 53, 0, 0
    22.09000 500, 0, 0, 55, 0, 0
    22.10000 500, 0, 0, 57, 0, 0
    22.11000 500, 0, 0, 59, 0, 0
    22.12000 500, 0, 0, 61, 0, 0
    22.13000 500, 0, 0, 63, 0, 0
    22.14000 500, 0, 0, 65, 0, 0
    22.15000 500, 0, 0, 68, 0, 0
    22.16000 500, 0, 0, 70, 0, 0
    22.17000 500, 0, 0, 72, 0, 0
    22.18000 500, 0, 0, 74, 0, 0
    22.19000 500, 0, 0, 76, 0, 0
    22.20000 500, 0, 0, 78, 0, 0
    22.21000 500, 0, 0, 80, 0, 0
    22.22000 500, 0, 0, 82, 0, 0
    22.23000 500, 0, 0, 84, 0, 0
    22.24000 500, 0, 0, 86, 0, 0
    22.25000 500, 0, 0, 88, 0, 0
    22.26000 500, 0, 0, 90, 0, 0
    22.27000 500, 0, 0, 92, 0, 0
    22.27055 500, 0, 0, 92, 0, 0
    26.65159 500, 0, 0, 107, 0, 0
# block number 3
    26.65159 500, 0, 0, 107, 0, 0
    26.66000 500, 0, 0, 107, 0, 0
    26.67000 500, 0, 0, 107, 0, 0
    26.68000 500, 0, 0, 108, 0, 0
    26.69000 500, 0, 0, 108, 0, 0
    26.70000 500, 0, 0, 109, 0, 0
    26.71000 500, 0, 0, 109, 0, 0
    26.72000 500, 0, 0, 110, 0, 0
    26.73000 500, 0, 0, 110, 0, 0
    26.74000 500, 0, 0, 111, 0, 0
    26.75000 500, 0, 0, 112, 0, 0
    26.76000 500, 0, 0, 113, 0, 0
    26.77000 500, 0, 0, 114, 0, 0
    26.78000 500, 0, 0, 115, 0, 0
    26.79000 500, 0, 0, 116, 0, 0
    26.80000 500, 0, 0, 117, 0, 0
    26.81000 500, 0, 0, 118, 0, 0
    26.82000 500, 0, 0, 120, 0, 0
    26.83000 500, 0, 0, 122, 0, 0
    26.84000 500, 0, 0, 123, 0, 0
    26.85000 500, 0, 0, 125, 0, 0
    26.86000 500, 0, 0, 127, 0, 0
    26.87000 500, 0, 0, 129, 0, 0
    26.88000 500, 0, 0, 131, 0, 0
    26.89000 500, 0, 0, 133, 0, 0
    26.90000 500, 0, 0, 135, 0, 0
    26.91000 500, 0, 0, 137, 0, 0
    26.92000 500, 0, 0, 139, 0, 0
    26.93000 500, 0, 0, 141, 0, 0
    26.94000 500, 0, 0, 143, 0, 0
    26.95000 500, 0, 0, 146, 0, 0
    26.96000 500, 0, 0, 148, 0, 0
    26.97000 500, 0, 0, 150, 0, 0
    26.98000 500, 0, 0, 152, 0, 0
    26.99000 500, 0, 0, 154, 0, 0
    27.00000 500, 0, 0, 156, 0, 0
    27.01000 500, 0, 0, 158, 0, 0
    27.02000 500, 0, 0, 160, 0, 0
    27.03000 500, 0, 0, 163, 0, 0
    27.04000 500, 0, 0, 165, 0, 0
    27.05000 500, 0, 0, 167, 0, 0
    27.06000 500, 0, 0, 169, 0, 0
    27.07000 500, 0, 0, 171, 0, 0
    27.08000 500, 0, 0, 173, 0, 0
    27.09000 500, 0, 0, 175, 0, 0
    27.10000 500, 0, 0, 178, 0, 0
    27.11000 500, 0, 0, 180, 0, 0
    27.12000 500, 0, 0, 182, 0, 0
    27.13000 500, 0, 0, 184, 0, 0
    27.14000 500, 0, 0, 186, 0, 0
    27.15000 500, 0, 0, 188, 0, 0
    27.16000 500, 0, 0, 190, 0, 0
    27.17000 500, 0, 0, 192, 0, 0
    27.18000 500, 0, 0, 195, 0, 0
    27.19000 500, 0, 0, 197, 0, 0
    27.20000 500, 0, 0, 199, 0, 0
    27.21000 500, 0, 0, 201, 0, 0
    27.22000 500, 0, 0, 203, 0, 0
    27.23000 500, 0, 0, 205, 0, 0
    27.24000 500, 0, 0, 207, 0, 0
    27.25000 500, 0, 0, 210, 0, 0
    27.26000 500, 0, 0, 212, 0, 0
    27.27000 500, 0, 0, 214, 0, 0
    27.28000 500, 0, 0, 216, 0, 0
    27.29000 500, 0, 0, 218, 0, 0
    27.30000 500, 0, 0, 220, 0, 0
    27.31000 500, 0, 0, 222, 0, 0
    27.32000 500, 0, 0, 224, 0, 0
    27.33000 500, 0, 0, 227, 0, 0
    27.34000 500, 0, 0, 229, 0, 0
    27.35000 500, 0, 0, 231, 0, 0
    27.36000 500, 0, 0, 233, 0, 0
    27.37000 500, 0, 0, 235, 0, 0
    27.38000 500, 0, 0, 237, 0, 0
    27.39000 500, 0, 0, 239, 0, 0
    27.40000 500, 0, 0, 242, 0, 0
    27.41000 500, 0, 0, 244, 0, 0
    27.42000 500, 0, 0, 246, 0, 0
    27.43000 500, 0, 0, 248, 0, 0
    27.44000 500, 0, 0, 250, 0, 0
    27.45000 500, 0, 0, 252, 0, 0
    27.46000 500, 0, 0, 254, 0, 0
    27.47000 500, 0, 0, 256, 0, 0
    27.48000 500, 0, 0, 259, 0, 0
    27.49000 500, 0, 0, 261, 0, 0
    27.50000 500, 0, 0, 263, 0, 0
    27.51000 500, 0, 0, 265, 0, 0
    27.52000 500, 0, 0, 267, 0, 0
    27.53000 500, 0, 0, 269, 0, 0
    27.54000 500, 0, 0, 271, 0, 0
    27.55000 500, 0, 0, 274, 0, 0
    27.56000 500, 0, 0, 276, 0, 0
    27.57000 500, 0, 0, 278, 0, 0
    27.58000 500, 0, 0, 280, 0, 0
    27.59000 500, 0, 0, 282, 0, 0
    27.60000 500, 0, 0, 284, 0, 0
    27.61000 500, 0, 0, 286, 0, 0
    27.62000 500, 0, 0, 288, 0, 0
    27.63000 500, 0, 0, 291, 0, 0
    27.64000 500, 0, 0, 293, 0, 0
    27.65000 500, 0, 0, 295, 0, 0
    27.66000 500, 0, 0, 297, 0, 0
    27.67000 500, 0, 0, 299, 0, 0
    27.68000 500, 0, 0, 301, 0, 0
    27.69000 500, 0, 0, 303, 0, 0
    27.70000 500, 0, 0, 306, 0, 0
    27.71000 500, 0, 0, 308, 0, 0
    27.72000 500, 0, 0, 310, 0, 0
    27.73000 500, 0, 0, 312, 0, 0
    27.74000 500, 0, 0, 314, 0, 0
    27.75000 500, 0, 0, 316, 0, 0
    27.76000 500, 0, 0, 318, 0, 0
    27.77000 500, 0, 0, 320, 0, 0
    27.78000 500, 0, 0, 323, 0, 0
    27.79000 500, 0, 0, 325, 0, 0
    27.80000 500, 0, 0, 327, 0, 0
    27.81000 500, 0, 0, 329, 0, 0
    27.82000 500, 0, 0, 331, 0, 0
    27.83000 500, 0, 0, 333, 0, 0
    27.84000 500, 0, 0, 335, 0, 0
    27.85000 500, 0, 0, 338, 0, 0
    27.86000 500, 0, 0, 340, 0, 0
    27.87000 500, 0, 0, 342, 0, 0
    27.88000 500, 0, 0, 344, 0, 0
    27.89000 500, 0, 0, 346, 0, 0
    27.90000 500, 0, 0, 348, 0, 0
    27.91000 500, 0, 0, 350, 0, 0
    27.92000 500, 0, 0, 352, 0, 0
    27.93000 500, 0, 0, 355, 0, 0
    27.94000 500, 0, 0, 357, 0, 0
    27.95000 500, 0, 0, 359, 0, 0
    27.96000 500, 0, 0, 361, 0, 0
    27.97000 500, 0, 0, 363, 0, 0
    27.98000 500, 0, 0, 365, 0, 0
    27.99000 500, 0, 0, 367, 0, 0
    28.00000 500, 0, 0, 370, 0, 0
    28.01000 500, 0, 0, 372, 0, 0
    28.02000 500, 0, 0, 374, 0, 0
    28.03000 500, 0, 0, 376, 0, 0
    28.04000 500, 0, 0, 378, 0, 0
    28.05000 500, 0, 0, 380, 0, 0
    28.06000 500, 0, 0, 382, 0, 0
    28.07000 500, 0, 0, 384, 0, 0
    28.08000 500, 0, 0, 387, 0, 0
    28.09000 500, 0, 0, 389, 0, 0
    28.10000 500, 0, 0, 391, 0, 0
    28.11000 500, 0, 0, 393, 0, 0
    28.12000 500, 0, 0, 395, 0, 0
    28.13000 500, 0, 0, 397, 0, 0
    28.14000 500, 0, 0, 399, 0, 0
    28.15000 500, 0, 0, 402, 0, 0
    28.16000 500, 0, 0, 404, 0, 0
    28.17000 500, 0, 0, 406, 0, 0
    28.18000 500, 0, 0, 408, 0, 0
    28.19000 500, 0, 0, 410, 0, 0
    28.20000 500, 0, 0, 412, 0, 0
    28.21000 500, 0, 0, 414, 0, 0
    28.22000 500, 0, 0, 416, 0, 0
    28.23000 500, 0, 0, 419, 0, 0
    28.24000 500, 0, 0, 421, 0, 0
    28.25000 500, 0, 0, 423, 0, 0
    28.26000 500, 0, 0, 425, 0, 0
    28.27000 500, 0, 0, 427, 0, 0
    28.28000 500, 0, 0, 429, 0, 0
    28.29000 500, 0, 0, 431, 0, 0
    28.30000 500, 0, 0, 434, 0, 0
    28.31000 500, 0, 0, 436, 0, 0
    28.32000 500, 0, 0, 438, 0, 0
    28.33000 500, 0, 0, 440, 0, 0
    28.34000 500, 0, 0, 442, 0, 0
    28.35000 500, 0, 0, 444, 0, 0
    28.36000 500, 0, 0, 446, 0, 0
    28.37000 500, 0, 0, 448, 0, 0
    28.38000 500, 0, 0, 451, 0, 0
    28.39000 500, 0, 0, 453, 0, 0
    28.40000 500, 0, 0, 455, 0, 0
    28.41000 500, 0, 0, 457, 0, 0
    28.42000 500, 0, 0, 459, 0, 0
    28.43000 500, 0, 0, 461, 0, 0
    28.44000 500, 0, 0, 463, 0, 0
    28.45000 500, 0, 0, 466, 0, 0
    28.46000 500, 0, 0, 468, 0, 0
    28.47000 500, 0, 0, 470, 0, 0
    28.48000 500, 0, 0, 472, 0, 0
    28.49000 500, 0, 0, 474, 0, 0
    28.50000 500, 0, 0, 476, 0, 0
    28.51000 500, 0, 0, 478, 0, 0
    28.52000 500, 0, 0, 480, 0, 0
    28.53000 500, 0, 0, 483, 0, 0
    28.54000 500, 0, 0, 485, 0, 0
    28.55000 500, 0, 0, 487, 0, 0
    28.56000 500, 0, 0, 489, 0, 0
    28.57000 500, 0, 0, 491, 0, 0
    28.58000 500, 0, 0, 493, 0, 0
    28.59000 500, 0, 0, 495, 0, 0
    28.60000 500, 0, 0, 498, 0, 0
    28.61000 500, 0, 0, 500, 0, 0
    28.62000 500, 0, 0, 502, 0, 0
    28.63000 500, 0, 0, 504, 0, 0
    28.64000 500, 0, 0, 506, 0, 0
    28.65000 500, 0, 0, 508, 0, 0
    28.66000 500, 0, 0, 510, 0, 0
    28.67000 500, 0, 0, 512, 0, 0
    28.68000 500, 0, 0, 515, 0, 0
    28.69000 500, 0, 0, 517, 0, 0
    28.70000 500, 0, 0, 519, 0, 0
    28.71000 500, 0, 0, 521, 0, 0
    28.72000 500, 0, 0, 523, 0, 0
    28.73000 500, 0, 0, 525, 0, 0
    28.74000 500, 0, 0, 527, 0, 0
    28.75000 500, 0, 0, 530, 0, 0
    28.76000 500, 0, 0, 532, 0, 0
    28.77000 500, 0, 0, 534, 0, 0
    28.78000 500, 0, 0, 536, 0, 0
    28.79000 500, 0, 0, 538, 0, 0
    28.80000 500, 0, 0, 540, 0, 0
    28.81000 500, 0, 0, 542, 0, 0
    28.82000 500, 0, 0, 544, 0, 0
    28.83000 500, 0, 0, 547, 0, 0
    28.84000 500, 0, 0, 549, 0, 0
    28.85000 500, 0, 0, 551, 0, 0
    28.86000 500, 0, 0, 553, 0, 0
    28.87000 500, 0, 0, 555, 0, 0
    28.88000 500, 0, 0, 557, 0, 0
    28.89000 500, 0, 0, 559, 0, 0
    28.90000 500, 0, 0, 561, 0, 0
    28.91000 500, 0, 0, 564, 0, 0
    28.92000 500, 0, 0, 566, 0, 0
    28.93000 500, 0, 0, 568, 0, 0
    28.94000 500, 0, 0, 570, 0, 0
    28.95000 500, 0, 0, 572, 0, 0
    28.96000 500, 0, 0, 574, 0, 0
    28.97000 500, 0, 0, 576, 0, 0
    28.98000 500, 0, 0, 579, 0, 0
    28.99000 500, 0, 0, 581, 0, 0
    29.00000 500, 0, 0, 583, 0, 0
    29.01000 500, 0, 0, 585, 0, 0
    29.02000 500, 0, 0, 587, 0, 0
    29.03000 500, 0, 0, 589, 0, 0
    29.04000 500, 0, 0, 591, 0, 0
    29.05000 500, 0, 0, 593, 0, 0
    29.06000 500, 0, 0, 596, 0, 0
    29.07000 500, 0, 0, 598, 0, 0
    29.08000 500, 0, 0, 600, 0, 0
    29.09000 500, 0, 0, 602, 0, 0
    29.10000 500, 0, 0, 604, 0, 0
    29.11000 500, 0, 0, 606, 0, 0
    29.12000 500, 0, 0, 608, 0, 0
    29.13000 500, 0, 0, 611, 0, 0
    29.14000 500, 0, 0, 613, 0, 0
    29.15000 500, 0, 0, 615, 0, 0
    29.16000 500, 0, 0, 617, 0, 0
    29.17000 500, 0, 0, 619, 0, 0
    29.18000 500, 0, 0, 621, 0, 0
    29.19000 500, 0, 0, 623, 0, 0
    29.20000 500, 0, 0, 625, 0, 0
    29.21000 500, 0, 0, 628, 0, 0
    29.22000 500, 0, 0, 630, 0, 0
    29.23000 500, 0, 0, 632, 0, 0
    29.24000 500, 0, 0, 634, 0, 0
    29.25000 500, 0, 0, 636, 0, 0
    29.26000 500, 0, 0, 638, 0, 0
    29.27000 500, 0, 0, 640, 0, 0
    29.28000 500, 0, 0, 643, 0, 0
    29.29000 500, 0, 0, 645, 0, 0
    29.30000 500, 0, 0, 647, 0, 0
    29.31000 500, 0, 0, 649, 0, 0
    29.32000 500, 0, 0, 651, 0, 0
    29.33000 500, 0, 0, 653, 0, 0
    29.34000 500, 0, 0, 655, 0, 0
    29.35000 500, 0, 0, 657, 0, 0
    29.36000 500, 0, 0, 660, 0, 0
    29.37000 500, 0, 0, 662, 0, 0
    29.38000 500, 0, 0, 664, 0, 0
    29.39000 500, 0, 0, 666, 0, 0
    29.40000 500, 0, 0, 668, 0, 0
    29.41000 500, 0, 0, 670, 0, 0
    29.42000 500, 0, 0, 672, 0, 0
    29.43000 500, 0, 0, 675, 0, 0
    29.44000 500, 0, 0, 677, 0, 0
    29.45000 500, 0, 0, 679, 0, 0
    29.46000 500, 0, 0, 681, 0, 0
    29.47000 500, 0, 0, 683, 0, 0
    29.48000 500, 0, 0, 685, 0, 0
    29.49000 500, 0, 0, 687, 0, 0
    29.50000 500, 0, 0, 689, 0, 0
    29.51000 500, 0, 0, 692, 0, 0
    29.52000 500, 0, 0, 694, 0, 0
    29.53000 500, 0, 0, 696, 0, 0
    29.54000 500, 0, 0, 698, 0, 0
    29.55000 500, 0, 0, 700, 0, 0
    29.56000 500, 0, 0, 702, 0, 0
    29.57000 500, 0, 0, 704, 0, 0
    29.58000 500, 0, 0, 707, 0, 0
    29.59000 500, 0, 0, 709, 0, 0
    29.60000 500, 0, 0, 711, 0, 0
    29.61000 500, 0, 0, 713, 0, 0
    29.62000 500, 0, 0, 715, 0, 0
    29.63000 500, 0, 0, 717, 0, 0
    29.64000 500, 0, 0, 719, 0, 0
    29.65000 500, 0, 0, 721, 0, 0
    29.66000 500, 0, 0, 724, 0, 0
    29.67000 500, 0, 0, 726, 0, 0
    29.68000 500, 0, 0, 728, 0, 0
    29.69000 500, 0, 0, 730, 0, 0
    29.70000 500, 0, 0, 732, 0, 0
    29.71000 500, 0, 0, 734, 0, 0
    29.72000 500, 0, 0, 736, 0, 0
    29.73000 500, 0, 0, 739, 0, 0
    29.74000 500, 0, 0, 741, 0, 0
    29.75000 500, 0, 0, 743, 0, 0
    29.76000 500, 0, 0, 745, 0, 0
    29.77000 500, 0, 0, 747, 0, 0
    29.78000 500, 0, 0, 749, 0, 0
    29.79000 500, 0, 0, 751, 0, 0
    29.80000 500, 0, 0, 753, 0, 0
    29.81000 500, 0, 0, 756, 0, 0
    29.82000 500, 0, 0, 758, 0, 0
    29.83000 500, 0, 0, 760, 0, 0
    29.84000 500, 0, 0, 762, 0, 0
    29.85000 500, 0, 0, 764, 0, 0
    29.86000 500, 0, 0, 766, 0, 0
    29.87000 500, 0, 0, 768, 0, 0
    29.88000 500, 0, 0, 771, 0, 0
    29.89000 500, 0, 0, 773, 0, 0
    29.90000 500, 0, 0, 775, 0, 0
    29.91000 500, 0, 0, 777, 0, 0
    29.92000 500, 0, 0, 779, 0, 0
    29.93000 500, 0, 0, 781, 0, 0
    29.94000 500, 0, 0, 783, 0, 0
    29.95000 500, 0, 0, 785, 0, 0
    29.96000 500, 0, 0, 788, 0, 0
    29.97000 500, 0, 0, 790, 0, 0
    29.98000 500, 0, 0, 792, 0, 0
    29.99000 500, 0, 0, 794, 0, 0
    30.00000 500, 0, 0, 796, 0, 0
    30.01000 500, 0, 0, 798, 0, 0
    30.02000 500, 0, 0, 800, 0, 0
    30.03000 500, 0, 0, 803, 0, 0
    30.04000 500, 0, 0, 805, 0, 0
    30.05000 500, 0, 0, 807, 0, 0
    30.06000 500, 0, 0, 809, 0, 0
    30.07000 500, 0, 0, 811, 0, 0
    30.08000 500, 0, 0, 813, 0, 0
    30.09000 500, 0, 0, 815, 0, 0
    30.10000 500, 0, 0, 817, 0, 0
    30.11000 500, 0, 0, 820, 0, 0
    30.12000 500, 0, 0, 822, 0, 0
    30.13000 500, 0, 0, 824, 0, 0
    30.14000 500, 0, 0, 826, 0, 0
    30.15000 500, 0, 0, 828, 0, 0
    30.16000 500, 0, 0, 830, 0, 0
    30.17000 500, 0, 0, 832, 0, 0
    30.18000 500, 0, 0, 835, 0, 0
    30.19000 500, 0, 0, 837, 0, 0
    30.20000 500, 0, 0, 839, 0, 0
    30.21000 500, 0, 0, 841, 0, 0
    30.22000 500, 0, 0, 843, 0, 0
    30.23000 500, 0, 0, 845, 0, 0
    30.24000 500, 0, 0, 847, 0, 0
    30.25000 500, 0, 0, 849, 0, 0
    30.26000 500, 0, 0, 852, 0, 0
    30.27000 500, 0, 0, 854, 0, 0
    30.28000 500, 0, 0, 856, 0, 0
    30.29000 500, 0, 0, 858, 0, 0
    30.30000 500, 0, 0, 860, 0, 0
    30.31000 500, 0, 0, 862, 0, 0
    30.32000 500, 0, 0, 864, 0, 0
    30.33000 500, 0, 0, 867, 0, 0
    30.34000 500, 0, 0, 869, 0, 0
    30.35000 500, 0, 0, 871, 0, 0
    30.36000 500, 0, 0, 873, 0, 0
    30.37000 500, 0, 0, 875, 0, 0
    30.38000 500, 0, 0, 877, 0, 0
    30.39000 500, 0, 0, 879, 0, 0
    30.40000 500, 0, 0, 881, 0, 0
    30.41000 500, 0, 0, 884, 0, 0
    30.42000 500, 0, 0, 886, 0, 0
    30.43000 500, 0, 0, 887, 0, 0
    30.44000 500, 0, 0, 889, 0, 0
    30.45000 500, 0, 0, 891, 0, 0
    30.45538 500, 0, 0, 892, 0, 0
    34.45726 500, 0, 0, 907, 0, 0
# block number 4
    34.45726 500, 0, 0, 907, 0, 0
    34.46000 500, 0, 0, 907, 0, 0
    34.47000 500, 0, 0, 907, 0, 0
    34.48000 500, 0, 0, 908, 0, 0
    34.49000 500, 0, 0, 908, 0, 0
    34.50000 500, 0, 0, 908, 0, 0
    34.51000 500, 0, 0, 909, 0, 0
    34.52000 500, 0, 0, 909, 0, 0
    34.53000 500, 0, 0, 910, 0, 0
    34.54000 500, 0, 0, 911, 0, 0
    34.55000 500, 0, 0, 911, 0, 0
    34.56000 500, 0, 0, 912, 0, 0
    34.57000 500, 0, 0, 913, 0, 0
    34.58000 500, 0, 0, 914, 0, 0
    34.59000 500, 0, 0, 915, 0, 0
    34.60000 500, 0, 0, 917, 0, 0
    34.61000 500, 0, 0, 918, 0, 0
    34.62000 500, 0, 0, 919, 0, 0
    34.63000 500, 0, 0, 921, 0, 0
    34.64000 500, 0, 0, 923, 0, 0
    34.65000 500, 0, 0, 924, 0, 0
    34.66000 500, 0, 0, 926, 0, 0
    34.67001 500, 0, 0, 928, 0, 0
    34.68000 500, 0, 0, 930, 0, 0
    34.69000 500, 0, 0, 932, 0, 0
    34.70000 500, 0, 0, 934, 0, 0
    34.71000 500, 0, 0, 936, 0, 0
    34.72000 500, 0, 0, 938, 0, 0
    34.73000 500, 0, 0, 940, 0, 0
    34.74000 500, 0, 0, 943, 0, 0
    34.75000 500, 0, 0, 945, 0, 0
    34.76000 500, 0, 0, 947, 0, 0
    34.77000 500, 0, 0, 949, 0, 0
    34.78000 500, 0, 0, 951, 0, 0
    34.79000 500, 0, 0, 953, 0, 0
    34.80000 500, 0, 0, 955, 0, 0
    34.81000 500, 0, 0, 958, 0, 0
    34.82000 500, 0, 0, 960, 0, 0
    34.83000 500, 0, 0, 962, 0, 0
    34.84000 500, 0, 0, 964, 0, 0
    34.85000 500, 0, 0, 966, 0, 0
    34.86000 500, 0, 0, 968, 0, 0
    34.87000 500, 0, 0, 970, 0, 0
    34.88000 500, 0, 0, 972, 0, 0
    34.89000 500, 0, 0, 975, 0, 0
    34.90000 500, 0, 0, 977, 0, 0
    34.91000 500, 0, 0, 979, 0, 0
    34.92001 500, 0, 0, 981, 0, 0
    34.93000 500, 0, 0, 983, 0, 0
    34.94000 500, 0, 0, 985, 0, 0
    34.95000 500, 0, 0, 987, 0, 0
    34.96000 500, 0, 0, 990, 0, 0
    34.97000 500, 0, 0, 992, 0, 0
    34.98000 500, 0, 0, 994, 0, 0
    34.99000 500, 0, 0, 996, 0, 0
    35.00000 500, 0, 0, 998, 0, 0
    35.01000 500, 0, 0, 1000, 0, 0
    35.02000 500, 0, 0, 1002, 0, 0
    35.03000 500, 0, 0, 1004, 0, 0
    35.04000 500, 0, 0, 1007, 0, 0
    35.05000 500, 0, 0, 1009, 0, 0
    35.06000 500, 0, 0, 1011, 0, 0
    35.07000 500, 0, 0, 1013, 0, 0
    35.08000 500, 0, 0, 1015, 0, 0
    35.09000 500, 0, 0, 1017, 0, 0
    35.10000 500, 0, 0, 1019, 0, 0
    35.11000 500, 0, 0, 1022, 0, 0
    35.12000 500, 0, 0, 1024, 0, 0
    35.13000 500, 0, 0, 1026, 0, 0
    35.14000 500, 0, 0, 1028, 0, 0
    35.15000 500, 0, 0, 1030, 0, 0
    35.16000 500, 0, 0, 1032, 0, 0
    35.17001 500, 0, 0, 1034, 0, 0
    35.18000 500, 0, 0, 1036, 0, 0
    35.19000 500, 0, 0, 1039, 0, 0
    35.20000 500, 0, 0, 1041, 0, 0
    35.21000 500, 0, 0, 1043, 0, 0
    35.22000 500, 0, 0, 1045, 0, 0
    35.23000 500, 0, 0, 1047, 0, 0
    35.24000 500, 0, 0, 1049, 0, 0
    35.25000 500, 0, 0, 1051, 0, 0
    35.26000 500, 0, 0, 1054, 0, 0
    35.27000 500, 0, 0, 1056, 0, 0
    35.28000 500, 0, 0, 1058, 0, 0
    35.29000 500, 0, 0, 1060, 0, 0
    35.30000 500, 0, 0, 1062, 0, 0
    35.31000 500, 0, 0, 1064, 0, 0
    35.32000 500, 0, 0, 1066, 0, 0
    35.33000 500, 0, 0, 1068, 0, 0
    35.34000 500, 0, 0, 1071, 0, 0
    35.35000 500, 0, 0, 1073, 0, 0
    35.36000 500, 0, 0, 1075, 0, 0
    35.37000 500, 0, 0, 1077, 0, 0
    35.38000 500, 0, 0, 1079, 0, 0
    35.39000 500, 0, 0, 1081, 0, 0
    35.40000 500, 0, 0, 1083, 0, 0
    35.41000 500, 0, 0, 1086, 0, 0
    35.42001 500, 0, 0, 1088, 0, 0
    35.43000 500, 0, 0, 1090, 0, 0
    35.44000 500, 0, 0, 1092, 0, 0
    35.45000 500, 0, 0, 1094, 0, 0
    35.46000 500, 0, 0, 1096, 0, 0
    35.47000 500, 0, 0, 1098, 0, 0
    35.48000 500, 0, 0, 1100, 0, 0
    35.49000 500, 0, 0, 1103, 0, 0
    35.50000 500, 0, 0, 1105, 0, 0
    35.51000 500, 0, 0, 1107, 0, 0
    35.52000 500, 0, 0, 1109, 0, 0
    35.53000 500, 0, 0, 1111, 0, 0
    35.54000 500, 0, 0, 1113, 0, 0
    35.55000 500, 0, 0, 1115, 0, 0
    35.56000 500, 0, 0, 1118, 0, 0
    35.57000 500, 0, 0, 1120, 0, 0
    35.58000 500, 0, 0, 1122, 0, 0
    35.59000 500, 0, 0, 1124, 0, 0
    35.60000 500, 0, 0, 1126, 0, 0
    35.61000 500, 0, 0, 1128, 0, 0
    35.62000 500, 0, 0, 1130, 0, 0
    35.63000 500, 0, 0, 1132, 0, 0
    35.64000 500, 0, 0, 1135, 0, 0
    35.65000 500, 0, 0, 1137, 0, 0
    35.66000 500, 0, 0, 1139, 0, 0
    35.67001 500, 0, 0, 1141, 0, 0
    35.68000 500, 0, 0, 1143, 0, 0
    35.69000 500, 0, 0, 1145, 0, 0
    35.70000 500, 0, 0, 1147, 0, 0
    35.71000 500, 0, 0, 1150, 0, 0
    35.72000 500, 0, 0, 1152, 0, 0
    35.73000 500, 0, 0, 1154, 0, 0
    35.74000 500, 0, 0, 1156, 0, 0
    35.75000 500, 0, 0, 1158, 0, 0
    35.76000 500, 0, 0, 1160, 0, 0
    35.77000 500, 0, 0, 1162, 0, 0
    35.78000 500, 0, 0, 1164, 0, 0
    35.79000 500, 0, 0, 1167, 0, 0
    35.80000 500, 0, 0, 1169, 0, 0
    35.81000 500, 0, 0, 1171, 0, 0
    35.82000 500, 0, 0, 1173, 0, 0
    35.83000 500, 0, 0, 1175, 0, 0
    35.84000 500, 0, 0, 1177, 0, 0
    35.85000 500, 0, 0, 1179, 0, 0
    35.86000 500, 0, 0, 1182, 0, 0
    35.87000 500, 0, 0, 1184, 0, 0
    35.88000 500, 0, 0, 1186, 0, 0
    35.89000 500, 0, 0, 1188, 0, 0
    35.90000 500, 0, 0, 1190, 0, 0
    35.91000 500, 0, 0, 1192, 0, 0
    35.92001 500, 0, 0, 1194, 0, 0
    35.93000 500, 0, 0, 1196, 0, 0
    35.94000 500, 0, 0, 1199, 0, 0
    35.95000 500, 0, 0, 1201, 0, 0
    35.96000 500, 0, 0, 1203, 0, 0
    35.97000 500, 0, 0, 1205, 0, 0
    35.98000 500, 0, 0, 1207, 0, 0
    35.99000 500, 0, 0, 1209, 0, 0
    36.00000 500, 0, 0, 1211, 0, 0
    36.01000 500, 0, 0, 1214, 0, 0
    36.02000 500, 0, 0, 1216, 0, 0
    36.03000 500, 0, 0, 1218, 0, 0
    36.04000 500, 0, 0, 1220, 0, 0
    36.05000 500, 0, 0, 1222, 0, 0
    36.06000 500, 0, 0, 1224, 0, 0
    36.07000 500, 0, 0, 1226, 0, 0
    36.08000 500, 0, 0, 1228, 0, 0
    36.09000 500, 0, 0, 1231, 0, 0
    36.10000 500, 0, 0, 1233, 0, 0
    36.11000 500, 0, 0, 1235, 0, 0
    36.12000 500, 0, 0, 1237, 0, 0
    36.13000 500, 0, 0, 1239, 0, 0
    36.14000 500, 0, 0, 1241, 0, 0
    36.15000 500, 0, 0, 1243, 0, 0
    36.16000 500, 0, 0, 1246, 0, 0
    36.17001 500, 0, 0, 1248, 0, 0
    36.18000 500, 0, 0, 1250, 0, 0
    36.19000 500, 0, 0, 1252, 0, 0
    36.20000 500, 0, 0, 1254, 0, 0
    36.21000 500, 0, 0, 1256, 0, 0
    36.22000 500, 0, 0, 1258, 0, 0
    36.23000 500, 0, 0, 1260, 0, 0
    36.24000 500, 0, 0, 1263, 0, 0
    36.25000 500, 0, 0, 1265, 0, 0
    36.26000 500, 0, 0, 1267, 0, 0
    36.27000 500, 0, 0, 1269, 0, 0
    36.28000 500, 0, 0, 1271, 0, 0
    36.29000 500, 0, 0, 1273, 0, 0
    36.30000 500, 0, 0, 1275, 0, 0
    36.31000 500, 0, 0, 1278, 0, 0
    36.32000 500, 0, 0, 1280, 0, 0
    36.33000 500, 0, 0, 1282, 0, 0
    36.34000 500, 0, 0, 1284, 0, 0
    36.35000 500, 0, 0, 1286, 0, 0
    36.36000 500, 0, 0, 1288, 0, 0
    36.37000 500, 0, 0, 1290, 0, 0
    36.38000 500, 0, 0, 1292, 0, 0
    36.39000 500, 0, 0, 1295, 0, 0
    36.40000 500, 0, 0, 1297, 0, 0
    36.41000 500, 0, 0, 1299, 0, 0
    36.42001 500, 0, 0, 1301, 0, 0
    36.43000 500, 0, 0, 1303, 0, 0
    36.44000 500, 0, 0, 1305, 0, 0
    36.45000 500, 0, 0, 1307, 0, 0
    36.46000 500, 0, 0, 1310, 0, 0
    36.47000 500, 0, 0, 1312, 0, 0
    36.48000 500, 0, 0, 1314, 0, 0
    36.49000 500, 0, 0, 1316, 0, 0
    36.50000 500, 0, 0, 1318, 0, 0
    36.51000 500, 0, 0, 1320, 0, 0
    36.52000 500, 0, 0, 1322, 0, 0
    36.53000 500, 0, 0, 1324, 0, 0
    36.54000 500, 0, 0, 1327, 0, 0
    36.55000 500, 0, 0, 1329, 0, 0
    36.56000 500, 0, 0, 1331, 0, 0
    36.57000 500, 0, 0, 1333, 0, 0
    36.58000 500, 0, 0, 1335, 0, 0
    36.59000 500, 0, 0, 1337, 0, 0
    36.60000 500, 0, 0, 1339, 0, 0
    36.61000 500, 0, 0, 1342, 0, 0
    36.62000 500, 0, 0, 1344, 0, 0
    36.63000 500, 0, 0, 1346, 0, 0
    36.64000 500, 0, 0, 1348, 0, 0
    36.65000 500, 0, 0, 1350, 0, 0
    36.66000 500, 0, 0, 1352, 0, 0
    36.67001 500, 0, 0, 1354, 0, 0
    36.68000 500, 0, 0, 1356, 0, 0
    36.69000 500, 0, 0, 1359, 0, 0
    36.70000 500, 0, 0, 1361, 0, 0
    36.71000 500, 0, 0, 1363, 0, 0
    36.72000 500, 0, 0, 1365, 0, 0
    36.73000 500, 0, 0, 1367, 0, 0
    36.74000 500, 0, 0, 1369, 0, 0
    36.75000 500, 0, 0, 1371, 0, 0
    36.76000 500, 0, 0, 1374, 0, 0
    36.77000 500, 0, 0, 1376, 0, 0
    36.78000 500, 0, 0, 1378, 0, 0
    36.79000 500, 0, 0, 1380, 0, 0
    36.80000 500, 0, 0, 1382, 0, 0
    36.81000 500, 0, 0, 1384, 0, 0
    36.82000 500, 0, 0, 1386, 0, 0
    36.83000 500, 0, 0, 1388, 0, 0
    36.84000 500, 0, 0, 1391, 0, 0
    36.85000 500, 0, 0, 1393, 0, 0
    36.86000 500, 0, 0, 1395, 0, 0
    36.87000 500, 0, 0, 1397, 0, 0
    36.88000 500, 0, 0, 1399, 0, 0
    36.89000 500, 0, 0, 1401, 0, 0
    36.90000 500, 0, 0, 1403, 0, 0
    36.91000 500, 0, 0, 1406, 0, 0
    36.92001 500, 0, 0, 1408, 0, 0
    36.93000 500, 0, 0, 1410, 0, 0
    36.94000 500, 0, 0, 1412, 0, 0
    36.95000 500, 0, 0, 1414, 0, 0
    36.96000 500, 0, 0, 1416, 0, 0
    36.97000 500, 0, 0, 1418, 0, 0
    36.98000 500, 0, 0, 1420, 0, 0
    36.99000 500, 0, 0, 1423, 0, 0
    37.00000 500, 0, 0, 1425, 0, 0
    37.01000 500, 0, 0, 1427, 0, 0
    37.02000 500, 0, 0, 1429, 0, 0
    37.03000 500, 0, 0, 1431, 0, 0
    37.04000 500, 0, 0, 1433, 0, 0
    37.05000 500, 0, 0, 1435, 0, 0
    37.06000 500, 0, 0, 1438, 0, 0
    37.07000 500, 0, 0, 1440, 0, 0
    37.08000 500, 0, 0, 1442, 0, 0
    37.09000 500, 0, 0, 1444, 0, 0
    37.10000 500, 0, 0, 1446, 0, 0
    37.11000 500, 0, 0, 1448, 0, 0
    37.12000 500, 0, 0, 1450, 0, 0
    37.13000 500, 0, 0, 1452, 0, 0
    37.14000 500, 0, 0, 1455, 0, 0
    37.15000 500, 0, 0, 1457, 0, 0
    37.16000 500, 0, 0, 1459, 0, 0
    37.17001 500, 0, 0, 1461, 0, 0
    37.18000 500, 0, 0, 1463, 0, 0
    37.19000 500, 0, 0, 1465, 0, 0
    37.20000 500, 0, 0, 1467, 0, 0
    37.21000 500, 0, 0, 1470, 0, 0
    37.22000 500, 0, 0, 1472, 0, 0
    37.23000 500, 0, 0, 1474, 0, 0
    37.24000 500, 0, 0, 1476, 0, 0
    37.25000 500, 0, 0, 1478, 0, 0
    37.26000 500, 0, 0, 1480, 0, 0
    37.27000 500, 0, 0, 1482, 0, 0
    37.28000 500, 0, 0, 1484, 0, 0
    37.29000 500, 0, 0, 1487, 0, 0
    37.30000 500, 0, 0, 1489, 0, 0
    37.31000 500, 0, 0, 1491, 0, 0
    37.32000 500, 0, 0, 1493, 0, 0
    37.33000 500, 0, 0, 1495, 0, 0
    37.34000 500, 0, 0, 1497, 0, 0
    37.35000 500, 0, 0, 1499, 0, 0
    37.36000 500, 0, 0, 1501, 0, 0
    37.37000 500, 0, 0, 1504, 0, 0
    37.38000 500, 0, 0, 1506, 0, 0
    37.39000 500, 0, 0, 1508, 0, 0
    37.40000 500, 0, 0, 1510, 0, 0
    37.41000 500, 0, 0, 1512, 0, 0
    37.42001 500, 0, 0, 1514, 0, 0
    37.43000 500, 0, 0, 1516, 0, 0
    37.44000 500, 0, 0, 1519, 0, 0
    37.45000 500, 0, 0, 1521, 0, 0
    37.46000 500, 0, 0, 1523, 0, 0
    37.47000 500, 0, 0, 1525, 0, 0
    37.48000 500, 0, 0, 1527, 0, 0
    37.49000 500, 0, 0, 1529, 0, 0
    37.50000 500, 0, 0, 1531, 0, 0
    37.51000 500, 0, 0, 1533, 0, 0
    37.52000 500, 0, 0, 1536, 0, 0
    37.53000 500, 0, 0, 1538, 0, 0
    37.54000 500, 0, 0, 1540, 0, 0
    37.55000 500, 0, 0, 1542, 0, 0
    37.56000 500, 0, 0, 1544, 0, 0
    37.57000 500, 0, 0, 1546, 0, 0
    37.58000 500, 0, 0, 1548, 0, 0
    37.59000 500, 0, 0, 1551, 0, 0
    37.60000 500, 0, 0, 1553, 0, 0
    37.61000 500, 0, 0, 1555, 0, 0
    37.62000 500, 0, 0, 1557, 0, 0
    37.63000 500, 0, 0, 1559, 0, 0
    37.64000 500, 0, 0, 1561, 0, 0
    37.65000 500, 0, 0, 1563, 0, 0
    37.66000 500, 0, 0, 1565, 0, 0
    37.67001 500, 0, 0, 1568, 0, 0
    37.68000 500, 0, 0, 1570, 0, 0
    37.69000 500, 0, 0, 1572, 0, 0
    37.70000 500, 0, 0, 1574, 0, 0
    37.71000 500, 0, 0, 1576, 0, 0
    37.72000 500, 0, 0, 1578, 0, 0
    37.73000 500, 0, 0, 1580, 0, 0
    37.74000 500, 0, 0, 1583, 0, 0
    37.75000 500, 0, 0, 1585, 0, 0
    37.76000 500, 0, 0, 1587, 0, 0
    37.77000 500, 0, 0, 1589, 0, 0
    37.78000 500, 0, 0, 1591, 0, 0
    37.79000 500, 0, 0, 1593, 0, 0
    37.80000 500, 0, 0, 1595, 0, 0
    37.81000 500, 0, 0, 1597, 0, 0
    37.82000 500, 0, 0, 1600, 0, 0
    37.83000 500, 0, 0, 1602, 0, 0
    37.84000 500, 0, 0, 1604, 0, 0
    37.85000 500, 0, 0, 1606, 0, 0
    37.86000 500, 0, 0, 1608, 0, 0
    37.87000 500, 0, 0, 1610, 0, 0
    37.88000 500, 0, 0, 1612, 0, 0
    37.89000 500, 0, 0, 1615, 0, 0
    37.90000 500, 0, 0, 1617, 0, 0
    37.91000 500, 0, 0, 1619, 0, 0
    37.92001 500, 0, 0, 1621, 0, 0
    37.93000 500, 0, 0, 1623, 0, 0
    37.94000 500, 0, 0, 1625, 0, 0
    37.95000 500, 0, 0, 1627, 0, 0
    37.96000 500, 0, 0, 1629, 0, 0
    37.97000 500, 0, 0, 1632, 0, 0
    37.98000 500, 0, 0, 1634, 0, 0
    37.99000 500, 0, 0, 1636, 0, 0
    38.00000 500, 0, 0, 1638, 0, 0
    38.01000 500, 0, 0, 1640, 0, 0
    38.02000 500, 0, 0, 1642, 0, 0
    38.03000 500, 0, 0, 1644, 0, 0
    38.04000 500, 0, 0, 1647, 0, 0
    38.05000 500, 0, 0, 1649, 0, 0
    38.06000 500, 0, 0, 1651, 0, 0
    38.07000 500, 0, 0, 1653, 0, 0
    38.08000 500, 0, 0, 1655, 0, 0
    38.09000 500, 0, 0, 1657, 0, 0
    38.10000 500, 0, 0, 1659, 0, 0
    38.11000 500, 0, 0, 1661, 0, 0
    38.12000 500, 0, 0, 1664, 0, 0
    38.13000 500, 0, 0, 1666, 0, 0
    38.14000 500, 0, 0, 1668, 0, 0
    38.15000 500, 0, 0, 1670, 0, 0
    38.16000 500, 0, 0, 1672, 0, 0
    38.17001 500, 0, 0, 1674, 0, 0
    38.18000 500, 0, 0, 1676, 0, 0
    38.19000 500, 0, 0, 1679, 0, 0
    38.20000 500, 0, 0, 1681, 0, 0
    38.21000 500, 0, 0, 1683, 0, 0
    38.22000 500, 0, 0, 1685, 0, 0
    38.23000 500, 0, 0, 1687, 0, 0
    38.24000 500, 0, 0, 1689, 0, 0
    38.25000 500, 0, 0, 1691, 0, 0
    38.26000 500, 0, 0, 1693, 0, 0
    38.27000 500, 0, 0, 1696, 0, 0
    38.28000 500, 0, 0, 1698, 0, 0
    38.29000 500, 0, 0, 1700, 0, 0
    38.30000 500, 0, 0, 1702, 0, 0
    38.31000 500, 0, 0, 1704, 0, 0
    38.32000 500, 0, 0, 1706, 0, 0
    38.33000 500, 0, 0, 1708, 0, 0
    38.34000 500, 0, 0, 1711, 0, 0
    38.35000 500, 0, 0, 1713, 0, 0
    38.36000 500, 0, 0, 1715, 0, 0
    38.37000 500, 0, 0, 1717, 0, 0
    38.38000 500, 0, 0, 1719, 0, 0
    38.39000 500, 0, 0, 1721, 0, 0
    38.40000 500, 0, 0, 1723, 0, 0
    38.41000 500, 0, 0, 1725, 0, 0
    38.42001 500, 0, 0, 1728, 0, 0
    38.43000 500, 0, 0, 1730, 0, 0
    38.44000 500, 0, 0, 1732, 0, 0
    38.45000 500, 0, 0, 1734, 0, 0
    38.46000 500, 0, 0, 1736, 0, 0
    38.47000 500, 0, 0, 1738, 0, 0
    38.48000 500, 0, 0, 1740, 0, 0
    38.49000 500, 0, 0, 1743, 0, 0
    38.50000 500, 0, 0, 1745, 0, 0
    38.51000 500, 0, 0, 1747, 0, 0
    38.52000 500, 0, 0, 1749, 0, 0
    38.53000 500, 0, 0, 1751, 0, 0
    38.54000 500, 0, 0, 1753, 0, 0
    38.55000 500, 0, 0, 1755, 0, 0
    38.56000 500, 0, 0, 1757, 0, 0
    38.57000 500, 0, 0, 1760, 0, 0
    38.58000 500, 0, 0, 1762, 0, 0
    38.59000 500, 0, 0, 1764, 0, 0
    38.60000 500, 0, 0, 1766, 0, 0
    38.61000 500, 0, 0, 1768, 0, 0
    38.62000 500, 0, 0, 1770, 0, 0
    38.63000 500, 0, 0, 1772, 0, 0
    38.64000 500, 0, 0, 1774, 0, 0
    38.65000 500, 0, 0, 1776, 0, 0
    38.66000 500, 0, 0, 1778, 0, 0
    38.67001 500, 0, 0, 1780, 0, 0
    38.68000 500, 0, 0, 1781, 0, 0
    38.68238 500, 0, 0, 1782, 0, 0
    47.96689 500, 0, 0, 1796, 9, 0
# block number 5
    47.96689 500, 0, 0, 1796, 9, 0
    47.97000 500, 0, 0, 1796, 9, 0
    47.98000 500, 0, 0, 1796, 9, 0
    47.99000 500, 0, 0, 1796, 10, 0
    48.00000 500, 0, 0, 1796, 10, 0
    48.01000 500, 0, 0, 1796, 10, 0
    48.02000 500, 0, 0, 1796, 11, 0
    48.03000 500, 0, 0, 1796, 11, 0
    48.04000 500, 0, 0, 1796, 12, 0
    48.05000 500, 0, 0, 1796, 13, 0
    48.06000 500, 0, 0, 1796, 13, 0
    48.07000 500, 0, 0, 1796, 14, 0
    48.08000 500, 0, 0, 1796, 15, 0
    48.09000 500, 0, 0, 1796, 16, 0
    48.10000 500, 0, 0, 1796, 17, 0
    48.11000 500, 0, 0, 1796, 19, 0
    48.12000 500, 0, 0, 1796, 20, 0
    48.13000 500, 0, 0, 1796, 21, 0
    48.14000 500, 0, 0, 1796, 23, 0
    48.15000 500, 0, 0, 1796, 24, 0
    48.16000 500, 0, 0, 1796, 26, 0
    48.17001 500, 0, 0, 1796, 28, 0
    48.18000 500, 0, 0, 1796, 30, 0
    48.19000 500, 0, 0, 1796, 32, 0
    48.20000 500, 0, 0, 1796, 34, 0
    48.21000 500, 0, 0, 1796, 36, 0
    48.22000 500, 0, 0, 1796, 38, 0
    48.23000 500, 0, 0, 1796, 40, 0
    48.24000 500, 0, 0, 1796, 42, 0
    48.25000 500, 0, 0, 1796, 44, 0
    48.26000 500, 0, 0, 1796, 47, 0
    48.27000 500, 0, 0, 1796, 49, 0
    48.28000 500, 0, 0, 1796, 51, 0
    48.29000 500, 0, 0, 1796, 53, 0
    48.30000 500, 0, 0, 1796, 55, 0
    48.31000 500, 0, 0, 1796, 57, 0
    48.32000 500, 0, 0, 1796, 59, 0
    48.33000 500, 0, 0, 1796, 62, 0
    48.34000 500, 0, 0, 1796, 64, 0
    48.35000 500, 0, 0, 1796, 66, 0
    48.36000 500, 0, 0, 1796, 68, 0
    48.37000 500, 0, 0, 1796, 70, 0
    48.38000 500, 0, 0, 1796, 71, 0
    48.39000 500, 0, 0, 1796, 73, 0
    48.40000 500, 0, 0, 1796, 75, 0
    48.40066 500, 0, 0, 1796, 75, 0
    52.63853 500, 0, 0, 1796, 89, 0
# block number 6
    52.63853 500, 0, 0, 1796, 89, 0
    52.64000 500, 0, 0, 1796, 89, 0
    52.65000 500, 0, 0, 1796, 89, 0
    52.66000 500, 0, 0, 1796, 90, 0
    52.67001 500, 0, 0, 1796, 90, 0
    52.68000 500, 0, 0, 1796, 90, 0
    52.69000 500, 0, 0, 1796, 91, 0
    52.70000 500, 0, 0, 1796, 91, 0
    52.71000 500, 0, 0, 1796, 92, 0
    52.72000 500, 0, 0, 1796, 92, 0
    52.73000 500, 0, 0, 1796, 93, 0
    52.74000 500, 0, 0, 1796, 94, 0
    52.75000 500, 0, 0, 1796, 95, 0
    52.76000 500, 0, 0, 1796, 96, 0
    52.77000 500, 0, 0, 1796, 97, 0
    52.78000 500, 0, 0, 1796, 98, 0
    52.79000 500, 0, 0, 1796, 99, 0
    52.80000 500, 0, 0, 1796, 101, 0
    52.81000 500, 0, 0, 1796, 102, 0
    52.82000 500, 0, 0, 1796, 104, 0
    52.83000 500, 0, 0, 1796, 105, 0
    52.84000 500, 0, 0, 1796, 107, 0
    52.85000 500, 0, 0, 1796, 109, 0
    52.86000 500, 0, 0, 1796, 111, 0
    52.87000 500, 0, 0, 1796, 113, 0
    52.88000 500, 0, 0, 1796, 115, 0
    52.89000 500, 0, 0, 1796, 117, 0
    52.90000 500, 0, 0, 1796, 119, 0
    52.91000 500, 0, 0, 1796, 122, 0
    52.92001 500, 0, 0, 1796, 124, 0
    52.93000 500, 0, 0, 1796, 126, 0
    52.94000 500, 0, 0, 1796, 128, 0
    52.95000 500, 0, 0, 1796, 130, 0
    52.96000 500, 0, 0, 1796, 132, 0
    52.97000 500, 0, 0, 1796, 134, 0
    52.98000 500, 0, 0, 1796, 136, 0
    52.99000 500, 0, 0, 1796, 139, 0
    53.00000 500, 0, 0, 1796, 141, 0
    53.01000 500, 0, 0, 1796, 143, 0
    53.02000 500, 0, 0, 1796, 145, 0
    53.03000 500, 0, 0, 1796, 147, 0
    53.04000 500, 0, 0, 1796, 149, 0
    53.05000 500, 0, 0, 1796, 151, 0
    53.06000 500, 0, 0, 1796, 154, 0
    53.07000 500, 0, 0, 1796, 156, 0
    53.08000 500, 0, 0, 1796, 158, 0
    53.09000 500, 0, 0, 1796, 159, 0
    53.10000 500, 0, 0, 1796, 161, 0
    53.11000 500, 0, 0, 1796, 163, 0
    53.11643 500, 0, 0, 1796, 164, 0
    58.23137 500, 0, 0, 1796, 178, 0
# block number 7
    58.23137 500, 0, 0, 1796, 178, 0
    58.24000 500, 0, 0, 1796, 178, 0
    58.25000 500, 0, 0, 1796, 179, 0
    58.26000 500, 0, 0, 1796, 179, 0
    58.27000 500, 0, 0, 1796, 179, 0
    58.28000 500, 0, 0, 1796, 180, 0
    58.29000 500, 0, 0, 1796, 180, 0
    58.30000 500, 0, 0, 1796, 181, 0
    58.31000 500, 0, 0, 1796, 181, 0
    58.32000 500, 0, 0, 1796, 182, 0
    58.33000 500, 0, 0, 1796, 183, 0
    58.34000 500, 0, 0, 1796, 184, 0
    58.35000 500, 0, 0, 1796, 185, 0
    58.36000 500, 0, 0, 1796, 186, 0
    58.37000 500, 0, 0, 1796, 187, 0
    58.38000 500, 0, 0, 1796, 188, 0
    58.39000 500, 0, 0, 1796, 190, 0
    58.40000 500, 0, 0, 1796, 191, 0
    58.41000 500, 0, 0, 1796, 193, 0
    58.42001 500, 0, 0, 1796, 194, 0
    58.43000 500, 0, 0, 1796, 196, 0
    58.44000 500, 0, 0, 1796, 198, 0
    58.45000 500, 0, 0, 1796, 200, 0
    58.46000 500, 0, 0, 1796, 202, 0
    58.47000 500, 0, 0, 1796, 204, 0
    58.48000 500, 0, 0, 1796, 206, 0
    58.49000 500, 0, 0, 1796, 208, 0
    58.50000 500, 0, 0, 1796, 211, 0
    58.51000 500, 0, 0, 1796, 213, 0
    58.52000 500, 0, 0, 1796, 215, 0
    58.53000 500, 0, 0, 1796, 217, 0
    58.54000 500, 0, 0, 1796, 219, 0
    58.55000 500, 0, 0, 1796, 221, 0
    58.56000 500, 0, 0, 1796, 223, 0
    58.57000 500, 0, 0, 1796, 225, 0
    58.58000 500, 0, 0, 1796, 228, 0
    58.59000 500, 0, 0, 1796, 230, 0
    58.60000 500, 0, 0, 1796, 232, 0
    58.61000 500, 0, 0, 1796, 234, 0
    58.62000 500, 0, 0, 1796, 236, 0
    58.63000 500, 0, 0, 1796, 238, 0
    58.64000 500, 0, 0, 1796, 240, 0
    58.65000 500, 0, 0, 1796, 243, 0
    58.66000 500, 0, 0, 1796, 245, 0
    58.67001 500, 0, 0, 1796, 247, 0
    58.68000 500, 0, 0, 1796, 249, 0
    58.69000 500, 0, 0, 1796, 251, 0
    58.70000 500, 0, 0, 1796, 253, 0
    58.71000 500, 0, 0, 1796, 255, 0
    58.72000 500, 0, 0, 1796, 257, 0
    58.73000 500, 0, 0, 1796, 260, 0
    58.74000 500, 0, 0, 1796, 262, 0
    58.75000 500, 0, 0, 1796, 264, 0
    58.76000 500, 0, 0, 1796, 266, 0
    58.77000 500, 0, 0, 1796, 268, 0
    58.78000 500, 0, 0, 1796, 270, 0
    58.79000 500, 0, 0, 1796, 272, 0
    58.80000 500, 0, 0, 1796, 275, 0
    58.81000 500, 0, 0, 1796, 277, 0
    58.82000 500, 0, 0, 1796, 279, 0
    58.83000 500, 0, 0, 1796, 281, 0
    58.84000 500, 0, 0, 1796, 283, 0
    58.85000 500, 0, 0, 1796, 285, 0
    58.86000 500, 0, 0, 1796, 287, 0
    58.87000 500, 0, 0, 1796, 289, 0
    58.88000 500, 0, 0, 1796, 292, 0
    58.89000 500, 0, 0, 1796, 294, 0
    58.90000 500, 0, 0, 1796, 296, 0
    58.91000 500, 0, 0, 1796, 298, 0
    58.92001 500, 0, 0, 1796, 300, 0
    58.93000 500, 0, 0, 1796, 302, 0
    58.94000 500, 0, 0, 1796, 304, 0
    58.95000 500, 0, 0, 1796, 307, 0
    58.96000 500, 0, 0, 1796, 309, 0
    58.97000 500, 0, 0, 1796, 311, 0
    58.98000 500, 0, 0, 1796, 313, 0
    58.99000 500, 0, 0, 1796, 315, 0
    59.00000 500, 0, 0, 1796, 317, 0
    59.01000 500, 0, 0, 1796, 319, 0
    59.02000 500, 0, 0, 1796, 321, 0
    59.03000 500, 0, 0, 1796, 324, 0
    59.04000 500, 0, 0, 1796, 326, 0
    59.05000 500, 0, 0, 1796, 328, 0
    59.06000 500, 0, 0, 1796, 330, 0
    59.07000 500, 0, 0, 1796, 332, 0
    59.08000 500, 0, 0, 1796, 334, 0
    59.09000 500, 0, 0, 1796, 336, 0
    59.10000 500, 0, 0, 1796, 339, 0
    59.11000 500, 0, 0, 1796, 341, 0
    59.12000 500, 0, 0, 1796, 343, 0
    59.13000 500, 0, 0, 1796, 345, 0
    59.14000 500, 0, 0, 1796, 347, 0
    59.15000 500, 0, 0, 1796, 349, 0
    59.16000 500, 0, 0, 1796, 351, 0
    59.17001 500, 0, 0, 1796, 353, 0
    59.18000 500, 0, 0, 1796, 356, 0
    59.19000 500, 0, 0, 1796, 358, 0
    59.20000 500, 0, 0, 1796, 360, 0
    59.21000 500, 0, 0, 1796, 362, 0
    59.22000 500, 0, 0, 1796, 364, 0
    59.23000 500, 0, 0, 1796, 366, 0
    59.24000 500, 0, 0, 1796, 368, 0
    59.25000 500, 0, 0, 1796, 371, 0
    59.26000 500, 0, 0, 1796, 373, 0
    59.27000 500, 0, 0, 1796, 375, 0
    59.28000 500, 0, 0, 1796, 377, 0
    59.29000 500, 0, 0, 1796, 379, 0
    59.30000 500, 0, 0, 1796, 381, 0
    59.31000 500, 0, 0, 1796, 383, 0
    59.32000 500, 0, 0, 1796, 385, 0
    59.33000 500, 0, 0, 1796, 388, 0
    59.34000 500, 0, 0, 1796, 390, 0
    59.35000 500, 0, 0, 1796, 392, 0
    59.36000 500, 0, 0, 1796, 394, 0
    59.37000 500, 0, 0, 1796, 396, 0
    59.38000 500, 0, 0, 1796, 398, 0
    59.39000 500, 0, 0, 1796, 400, 0
    59.40000 500, 0, 0, 1796, 403, 0
    59.41000 500, 0, 0, 1796, 405, 0
    59.42001 500, 0, 0, 1796, 407, 0
    59.43000 500, 0, 0, 1796, 409, 0
    59.44000 500, 0, 0, 1796, 411, 0
    59.45000 500, 0, 0, 1796, 413, 0
    59.46000 500, 0, 0, 1796, 415, 0
    59.47000 500, 0, 0, 1796, 417, 0
    59.48000 500, 0, 0, 1796, 420, 0
    59.49000 500, 0, 0, 1796, 422, 0
    59.50000 500, 0, 0, 1796, 424, 0
    59.51000 500, 0, 0, 1796, 426, 0
    59.52000 500, 0, 0, 1796, 428, 0
    59.53000 500, 0, 0, 1796, 430, 0
    59.54000 500, 0, 0, 1796, 432, 0
    59.55000 500, 0, 0, 1796, 435, 0
    59.56000 500, 0, 0, 1796, 437, 0
    59.57000 500, 0, 0, 1796, 439, 0
    59.58000 500, 0, 0, 1796, 441, 0
    59.59000 500, 0, 0, 1796, 443, 0
    59.60000 500, 0, 0, 1796, 445, 0
    59.61000 500, 0, 0, 1796, 447, 0
    59.62000 500, 0, 0, 1796, 449, 0
    59.63000 500, 0, 0, 1796, 452, 0
    59.64000 500, 0, 0, 1796, 454, 0
    59.65000 500, 0, 0, 1796, 456, 0
    59.66000 500, 0, 0, 1796, 458, 0
    59.67001 500, 0, 0, 1796, 460, 0
    59.68000 500, 0, 0, 1796, 462, 0
    59.69000 500, 0, 0, 1796, 464, 0
    59.70000 500, 0, 0, 1796, 467, 0
    59.71000 500, 0, 0, 1796, 469, 0
    59.72000 500, 0, 0, 1796, 471, 0
    59.73000 500, 0, 0, 1796, 473, 0
    59.74000 500, 0, 0, 1796, 475, 0
    59.75000 500, 0, 0, 1796, 477, 0
    59.76000 500, 0, 0, 1796, 479, 0
    59.77000 500, 0, 0, 1796, 481, 0
    59.78000 500, 0, 0, 1796, 484, 0
    59.79000 500, 0, 0, 1796, 486, 0
    59.80000 500, 0, 0, 1796, 488, 0
    59.81000 500, 0, 0, 1796, 490, 0
    59.82000 500, 0, 0, 1796, 492, 0
    59.83000 500, 0, 0, 1796, 494, 0
    59.84000 500, 0, 0, 1796, 496, 0
    59.85000 500, 0, 0, 1796, 499, 0
    59.86000 500, 0, 0, 1796, 501, 0
    59.87000 500, 0, 0, 1796, 503, 0
    59.88000 500, 0, 0, 1796, 505, 0
    59.89000 500, 0, 0, 1796, 507, 0
    59.90000 500, 0, 0, 1796, 509, 0
    59.91000 500, 0, 0, 1796, 511, 0
    59.92001 500, 0, 0, 1796, 513, 0
    59.93000 500, 0, 0, 1796, 516, 0
    59.94000 500, 0, 0, 1796, 518, 0
    59.95000 500, 0, 0, 1796, 520, 0
    59.96000 500, 0, 0, 1796, 522, 0
    59.97000 500, 0, 0, 1796, 524, 0
    59.98000 500, 0, 0, 1796, 526, 0
    59.99000 500, 0, 0, 1796, 528, 0
    60.00000 500, 0, 0, 1796, 531, 0
    60.01000 500, 0, 0, 1796, 533, 0
    60.02000 500, 0, 0, 1796, 535, 0
    60.03000 500, 0, 0, 1796, 537, 0
    60.04000 500, 0, 0, 1796, 539, 0
    60.05000 500, 0, 0, 1796, 541, 0
    60.06000 500, 0, 0, 1796, 543, 0
    60.07000 500, 0, 0, 1796, 545, 0
    60.08000 500, 0, 0, 1796, 548, 0
    60.09000 500, 0, 0, 1796, 550, 0
    60.10000 500, 0, 0, 1796, 552, 0
    60.11000 500, 0, 0, 1796, 554, 0
    60.12000 500, 0, 0, 1796, 556, 0
    60.13000 500, 0, 0, 1796, 558, 0
    60.14000 500, 0, 0, 1796, 560, 0
    60.15000 500, 0, 0, 1796, 563, 0
    60.16000 500, 0, 0, 1796, 565, 0
    60.17001 500, 0, 0, 1796, 567, 0
    60.18000 500, 0, 0, 1796, 569, 0
    60.19000 500, 0, 0, 1796, 571, 0
    60.20000 500, 0, 0, 1796, 573, 0
    60.21000 500, 0, 0, 1796, 575, 0
    60.22000 500, 0, 0, 1796, 577, 0
    60.23000 500, 0, 0, 1796, 580, 0
    60.24000 500, 0, 0, 1796, 582, 0
    60.25000 500, 0, 0, 1796, 584, 0
    60.26000 500, 0, 0, 1796, 586, 0
    60.27000 500, 0, 0, 1796, 588, 0
    60.28000 500, 0, 0, 1796, 590, 0
    60.29000 500, 0, 0, 1796, 592, 0
    60.30000 500, 0, 0, 1796, 595, 0
    60.31000 500, 0, 0, 1796, 597, 0
    60.32000 500, 0, 0, 1796, 599, 0
    60.33000 500, 0, 0, 1796, 601, 0
    60.34000 500, 0, 0, 1796, 603, 0
    60.35000 500, 0, 0, 1796, 605, 0
    60.36000 500, 0, 0, 1796, 607, 0
    60.37000 500, 0, 0, 1796, 609, 0
    60.38000 500, 0, 0, 1796, 612, 0
    60.39000 500, 0, 0, 1796, 614, 0
    60.40000 500, 0, 0, 1796, 616, 0
    60.41000 500, 0, 0, 1796, 618, 0
    60.42001 500, 0, 0, 1796, 620, 0
    60.43000 500, 0, 0, 1796, 622, 0
    60.44000 500, 0, 0, 1796, 624, 0
    60.45000 500, 0, 0, 1796, 627, 0
    60.46000 500, 0, 0, 1796, 629, 0
    60.47000 500, 0, 0, 1796, 631, 0
    60.48000 500, 0, 0, 1796, 633, 0
    60.49000 500, 0, 0, 1796, 635, 0
    60.50000 500, 0, 0, 1796, 637, 0
    60.51000 500, 0, 0, 1796, 639, 0
    60.52000 500, 0, 0, 1796, 641, 0
    60.53000 500, 0, 0, 1796, 644, 0
    60.54000 500, 0, 0, 1796, 646, 0
    60.55000 500, 0, 0, 1796, 648, 0
    60.56000 500, 0, 0, 1796, 650, 0
    60.57000 500, 0, 0, 1796, 652, 0
    60.58000 500, 0, 0, 1796, 654, 0
    60.59000 500, 0, 0, 1796, 656, 0
    60.60000 500, 0, 0, 1796, 659, 0
    60.61000 500, 0, 0, 1796, 661, 0
    60.62000 500, 0, 0, 1796, 663, 0
    60.63000 500, 0, 0, 1796, 665, 0
    60.64000 500, 0, 0, 1796, 667, 0
    60.65000 500, 0, 0, 1796, 669, 0
    60.66000 500, 0, 0, 1796, 671, 0
    60.67001 500, 0, 0, 1796, 673, 0
    60.68000 500, 0, 0, 1796, 676, 0
    60.69000 500, 0, 0, 1796, 678, 0
    60.70000 500, 0, 0, 1796, 680, 0
    60.71000 500, 0, 0, 1796, 682, 0
    60.72000 500, 0, 0, 1796, 684, 0
    60.73000 500, 0, 0, 1796, 686, 0
    60.74000 500, 0, 0, 1796, 688, 0
    60.75000 500, 0, 0, 1796, 691, 0
    60.76000 500, 0, 0, 1796, 693, 0
    60.77000 500, 0, 0, 1796, 695, 0
    60.78000 500, 0, 0, 1796, 697, 0
    60.79000 500, 0, 0, 1796, 699, 0
    60.80000 500, 0, 0, 1796, 701, 0
    60.81000 500, 0, 0, 1796, 703, 0
    60.82000 500, 0, 0, 1796, 705, 0
    60.83000 500, 0, 0, 1796, 708, 0
    60.84000 500, 0, 0, 1796, 710, 0
    60.85000 500, 0, 0, 1796, 712, 0
    60.86000 500, 0, 0, 1796, 714, 0
    60.87000 500, 0, 0, 1796, 716, 0
    60.88000 500, 0, 0, 1796, 718, 0
    60.89000 500, 0, 0, 1796, 720, 0
    60.90000 500, 0, 0, 1796, 722, 0
    60.91000 500, 0, 0, 1796, 725, 0
    60.92001 500, 0, 0, 1796, 727, 0
    60.93000 500, 0, 0, 1796, 729, 0
    60.94000 500, 0, 0, 1796, 731, 0
    60.95000 500, 0, 0, 1796, 733, 0
    60.96000 500, 0, 0, 1796, 735, 0
    60.97000 500, 0, 0, 1796, 737, 0
    60.98000 500, 0, 0, 1796, 740, 0
    60.99000 500, 0, 0, 1796, 742, 0
    61.00000 500, 0, 0, 1796, 744, 0
    61.01000 500, 0, 0, 1796, 746, 0
    61.02000 500, 0, 0, 1796, 748, 0
    61.03000 500, 0, 0, 1796, 750, 0
    61.04000 500, 0, 0, 1796, 752, 0
    61.05000 500, 0, 0, 1796, 754, 0
    61.06000 500, 0, 0, 1796, 757, 0
    61.07000 500, 0, 0, 1796, 759, 0
    61.08000 500, 0, 0, 1796, 761, 0
    61.09000 500, 0, 0, 1796, 763, 0
    61.10000 500, 0, 0, 1796, 765, 0
    61.11000 500, 0, 0, 1796, 767, 0
    61.12000 500, 0, 0, 1796, 769, 0
    61.13000 500, 0, 0, 1796, 772, 0
    61.14000 500, 0, 0, 1796, 774, 0
    61.15000 500, 0, 0, 1796, 776, 0
    61.16000 500, 0, 0, 1796, 778, 0
    61.17001 500, 0, 0, 1796, 780, 0
    61.18000 500, 0, 0, 1796, 782, 0
    61.19000 500, 0, 0, 1796, 784, 0
    61.20000 500, 0, 0, 1796, 786, 0
    61.21000 500, 0, 0, 1796, 789, 0
    61.22000 500, 0, 0, 1796, 791, 0
    61.23000 500, 0, 0, 1796, 793, 0
    61.24000 500, 0, 0, 1796, 795, 0
    61.25000 500, 0, 0, 1796, 797, 0
    61.26000 500, 0, 0, 1796, 799, 0
    61.27000 500, 0, 0, 1796, 801, 0
    61.28000 500, 0, 0, 1796, 804, 0
    61.29000 500, 0, 0, 1796, 806, 0
    61.30000 500, 0, 0, 1796, 808, 0
    61.31000 500, 0, 0, 1796, 810, 0
    61.32000 500, 0, 0, 1796, 812, 0
    61.33000 500, 0, 0, 1796, 814, 0
    61.34000 500, 0, 0, 1796, 816, 0
    61.35000 500, 0, 0, 1796, 818, 0
    61.36000 500, 0, 0, 1796, 821, 0
    61.37000 500, 0, 0, 1796, 823, 0
    61.38000 500, 0, 0, 1796, 825, 0
    61.39000 500, 0, 0, 1796, 827, 0
    61.40000 500, 0, 0, 1796, 829, 0
    61.41000 500, 0, 0, 1796, 831, 0
    61.42001 500, 0, 0, 1796, 833, 0
    61.43000 500, 0, 0, 1796, 836, 0
    61.44000 500, 0, 0, 1796, 838, 0
    61.45000 500, 0, 0, 1796, 840, 0
    61.46000 500, 0, 0, 1796, 842, 0
    61.47000 500, 0, 0, 1796, 844, 0
    61.48000 500, 0, 0, 1796, 846, 0
    61.49000 500, 0, 0, 1796, 848, 0
    61.50000 500, 0, 0, 1796, 850, 0
    61.51000 500, 0, 0, 1796, 853, 0
    61.52000 500, 0, 0, 1796, 855, 0
    61.53000 500, 0, 0, 1796, 857, 0
    61.54000 500, 0, 0, 1796, 859, 0
    61.55000 500, 0, 0, 1796, 861, 0
    61.56000 500, 0, 0, 1796, 863, 0
    61.57000 500, 0, 0, 1796, 865, 0
    61.58000 500, 0, 0, 1796, 868, 0
    61.59000 500, 0, 0, 1796, 870, 0
    61.60000 500, 0, 0, 1796, 872, 0
    61.61000 500, 0, 0, 1796, 874, 0
    61.62000 500, 0, 0, 1796, 876, 0
    61.63000 500, 0, 0, 1796, 878, 0
    61.64000 500, 0, 0, 1796, 880, 0
    61.65000 500, 0, 0, 1796, 882, 0
    61.66000 500, 0, 0, 1796, 885, 0
    61.67001 500, 0, 0, 1796, 887, 0
    61.68000 500, 0, 0, 1796, 889, 0
    61.69000 500, 0, 0, 1796, 891, 0
    61.70000 500, 0, 0, 1796, 893, 0
    61.71000 500, 0, 0, 1796, 895, 0
    61.72000 500, 0, 0, 1796, 897, 0
    61.73000 500, 0, 0, 1796, 900, 0
    61.74000 500, 0, 0, 1796, 902, 0
    61.75000 500, 0, 0, 1796, 904, 0
    61.76000 500, 0, 0, 1796, 906, 0
    61.77000 500, 0, 0, 1796, 908, 0
    61.78000 500, 0, 0, 1796, 910, 0
    61.79000 500, 0, 0, 1796, 912, 0
    61.80000 500, 0, 0, 1796, 914, 0
    61.81000 500, 0, 0, 1796, 917, 0
    61.82000 500, 0, 0, 1796, 919, 0
    61.83000 500, 0, 0, 1796, 921, 0
    61.84000 500, 0, 0, 1796, 923, 0
    61.85000 500, 0, 0, 1796, 925, 0
    61.86000 500, 0, 0, 1796, 927, 0
    61.87000 500, 0, 0, 1796, 929, 0
    61.88000 500, 0, 0, 1796, 932, 0
    61.89000 500, 0, 0, 1796, 934, 0
    61.90000 500, 0, 0, 1796, 936, 0
    61.91000 500, 0, 0, 1796, 938, 0
    61.92001 500, 0, 0, 1796, 940, 0
    61.93000 500, 0, 0, 1796, 942, 0
    61.94000 500, 0, 0, 1796, 944, 0
    61.95000 500, 0, 0, 1796, 946, 0
    61.96000 500, 0, 0, 1796, 949, 0
    61.97000 500, 0, 0, 1796, 951, 0
    61.98000 500, 0, 0, 1796, 953, 0
    61.99000 500, 0, 0, 1796, 955, 0
    62.00000 500, 0, 0, 1796, 957, 0
    62.01000 500, 0, 0, 1796, 959, 0
    62.02000 500, 0, 0, 1796, 961, 0
    62.03000 500, 0, 0, 1796, 964, 0
    62.04000 500, 0, 0, 1796, 966, 0
    62.05000 500, 0, 0, 1796, 968, 0
    62.06000 500, 0, 0, 1796, 970, 0
    62.07000 500, 0, 0, 1796, 972, 0
    62.08000 500, 0, 0, 1796, 974, 0
    62.09000 500, 0, 0, 1796, 976, 0
    62.10000 500, 0, 0, 1796, 978, 0
    62.11000 500, 0, 0, 1796, 981, 0
    62.12000 500, 0, 0, 1796, 983, 0
    62.13000 500, 0, 0, 1796, 985, 0
    62.14000 500, 0, 0, 1796, 987, 0
    62.15000 500, 0, 0, 1796, 989, 0
    62.16000 500, 0, 0, 1796, 991, 0
    62.17001 500, 0, 0, 1796, 993, 0
    62.18000 500, 0, 0, 1796, 996, 0
    62.19000 500, 0, 0, 1796, 998, 0
    62.20000 500, 0, 0, 1796, 1000, 0
    62.21000 500, 0, 0, 1796, 1002, 0
    62.22000 500, 0, 0, 1796, 1004, 0
    62.23000 500, 0, 0, 1796, 1006, 0
    62.24000 500, 0, 0, 1796, 1008, 0
    62.25000 500, 0, 0, 1796, 1010, 0
    62.26000 500, 0, 0, 1796, 1013, 0
    62.27000 500, 0, 0, 1796, 1015, 0
    62.28000 500, 0, 0, 1796, 1017, 0
    62.29000 500, 0, 0, 1796, 1019, 0
    62.30000 500, 0, 0, 1796, 1021, 0
    62.31000 500, 0, 0, 1796, 1023, 0
    62.32000 500, 0, 0, 1796, 1025, 0
    62.33000 500, 0, 0, 1796, 1028, 0
    62.34000 500, 0, 0, 1796, 1030, 0
    62.35000 500, 0, 0, 1796, 1032, 0
    62.36000 500, 0, 0, 1796, 1034, 0
    62.37000 500, 0, 0, 1796, 1036, 0
    62.38000 500, 0, 0, 1796, 1038, 0
    62.39000 500, 0, 0, 1796, 1040, 0
    62.40000 500, 0, 0, 1796, 1042, 0
    62.41000 500, 0, 0, 1796, 1044, 0
    62.42001 500, 0, 0, 1796, 1046, 0
    62.43000 500, 0, 0, 1796, 1048, 0
    62.44000 500, 0, 0, 1796, 1050, 0
    62.45000 500, 0, 0, 1796, 1052, 0
